<?xml version="1.0" encoding="UTF-8" ?>
<testsuite failures="0" time="2.568" errors="0" skipped="0" tests="1" name="com.sample.jmmbtest.services.MyResourceTest">
  <properties>
    <property name="java.runtime.name" value="Java(TM) SE Runtime Environment"/>
    <property name="sun.boot.library.path" value="e:\apps\jdk1.7\jre\bin"/>
    <property name="java.vm.version" value="23.7-b01"/>
    <property name="java.vm.vendor" value="Oracle Corporation"/>
    <property name="java.vendor.url" value="http://java.oracle.com/"/>
    <property name="path.separator" value=";"/>
    <property name="guice.disable.misplaced.annotation.check" value="true"/>
    <property name="java.vm.name" value="Java HotSpot(TM) 64-Bit Server VM"/>
    <property name="file.encoding.pkg" value="sun.io"/>
    <property name="user.script" value=""/>
    <property name="user.country" value="US"/>
    <property name="sun.java.launcher" value="SUN_STANDARD"/>
    <property name="sun.os.patch.level" value=""/>
    <property name="java.vm.specification.name" value="Java Virtual Machine Specification"/>
    <property name="user.dir" value="c:\dev\projects\workspace\jmmbtest\customers-orders"/>
    <property name="java.runtime.version" value="1.7.0_17-b02"/>
    <property name="java.awt.graphicsenv" value="sun.awt.Win32GraphicsEnvironment"/>
    <property name="java.endorsed.dirs" value="e:\apps\jdk1.7\jre\lib\endorsed"/>
    <property name="os.arch" value="amd64"/>
    <property name="java.io.tmpdir" value="X:\temp\"/>
    <property name="line.separator" value="
"/>
    <property name="java.vm.specification.vendor" value="Oracle Corporation"/>
    <property name="user.variant" value=""/>
    <property name="os.name" value="Windows 8"/>
    <property name="classworlds.conf" value="c:/dev/tools/apache-maven/bin/m2.conf"/>
    <property name="sun.jnu.encoding" value="Cp1252"/>
    <property name="java.library.path" value="e:\apps\jdk1.7\bin;C:\WINDOWS\Sun\Java\bin;C:\WINDOWS\system32;C:\WINDOWS;c:\Users\Ramon\bin;.;C:\Program Files (x86)\Git\local\bin;C:\Program Files (x86)\Git\mingw\bin;C:\Program Files (x86)\Git\bin;e:\apps\jdk1.7\bin;c:\dev\tools\gradle\bin;c:\dev\tools\apache-maven\bin;c:\Program Files (x86)\NVIDIA Corporation\PhysX\Common;c:\Windows\system32;c:\Windows;c:\Windows\System32\Wbem;c:\Windows\System32\WindowsPowerShell\v1.0\;c:\Program Files (x86)\Microsoft ASP.NET\ASP.NET Web Pages\v1.0\;c:\Program Files\Microsoft SQL Server\110\Tools\Binn\;c:\Program Files\TortoiseHg\;c:\Program Files (x86)\Windows Live\Shared;c:\Program Files\Microsoft\Web Platform Installer\;c:\dev\tools\srcML;c:\Program Files (x86)\iis express\PHP\v5.4;c:\Program Files\Calibre2\;c:\Program Files (x86)\GtkSharp\2.12\bin;c:\WINDOWS\system32;c:\WINDOWS;c:\WINDOWS\System32\Wbem;c:\WINDOWS\System32\WindowsPowerShell\v1.0\;c:\Program Files (x86)\Windows Kits\8.1\Windows Performance Toolkit\;c:\dev\tools\MinGW\bin\;c:\dev\tools\MinGW\msys\1.0\bin;c:\Program Files\nodejs\;c:\Ruby193\bin;C:\Program Files (x86)\Git\cmd;c:\Chocolatey\bin;c:\Users\Ramon\AppData\Roaming\npm;.;.;.;;."/>
    <property name="java.specification.name" value="Java Platform API Specification"/>
    <property name="java.class.version" value="51.0"/>
    <property name="sun.management.compiler" value="HotSpot 64-Bit Tiered Compilers"/>
    <property name="os.version" value="6.2"/>
    <property name="user.home" value="C:\Users\Ramon"/>
    <property name="user.timezone" value="America/La_Paz"/>
    <property name="java.awt.printerjob" value="sun.awt.windows.WPrinterJob"/>
    <property name="java.specification.version" value="1.7"/>
    <property name="file.encoding" value="Cp1252"/>
    <property name="user.name" value="Ramon"/>
    <property name="java.class.path" value="c:/dev/tools/apache-maven/boot/plexus-classworlds-2.4.jar"/>
    <property name="java.vm.specification.version" value="1.7"/>
    <property name="sun.arch.data.model" value="64"/>
    <property name="java.home" value="e:\apps\jdk1.7\jre"/>
    <property name="sun.java.command" value="org.codehaus.plexus.classworlds.launcher.Launcher clean test"/>
    <property name="java.specification.vendor" value="Oracle Corporation"/>
    <property name="user.language" value="en"/>
    <property name="awt.toolkit" value="sun.awt.windows.WToolkit"/>
    <property name="java.vm.info" value="mixed mode"/>
    <property name="java.version" value="1.7.0_17"/>
    <property name="java.ext.dirs" value="e:\apps\jdk1.7\jre\lib\ext;C:\WINDOWS\Sun\Java\lib\ext"/>
    <property name="sun.boot.class.path" value="e:\apps\jdk1.7\jre\lib\resources.jar;e:\apps\jdk1.7\jre\lib\rt.jar;e:\apps\jdk1.7\jre\lib\sunrsasign.jar;e:\apps\jdk1.7\jre\lib\jsse.jar;e:\apps\jdk1.7\jre\lib\jce.jar;e:\apps\jdk1.7\jre\lib\charsets.jar;e:\apps\jdk1.7\jre\lib\jfr.jar;e:\apps\jdk1.7\jre\classes"/>
    <property name="java.vendor" value="Oracle Corporation"/>
    <property name="maven.home" value="c:\dev\tools\apache-maven"/>
    <property name="file.separator" value="\"/>
    <property name="java.vendor.url.bug" value="http://bugreport.sun.com/bugreport/"/>
    <property name="sun.cpu.endian" value="little"/>
    <property name="sun.io.unicode.encoding" value="UnicodeLittle"/>
    <property name="sun.desktop" value="windows"/>
    <property name="sun.cpu.isalist" value="amd64"/>
  </properties>
  <testcase time="2.461" classname="com.sample.jmmbtest.services.MyResourceTest" name="testGetIt"/>
</testsuite>